$begin 'OrigTextBlk'
	IsEncrypted=true
	CypherText='GuB/S2XmaXLr+X8+STyDVpwtc3bmFnyJzGvQiAda8S7tt+1u1IwAvpevy4B/CBdp24s5pB3oPonwS4q\
tFjfAXAdHH22rrACfJu1bE8HSjZzizgHd8QbbM0AXE1ipxO7bIkaRn/dVbncXV2IjaBNS613SbIY79O\
agPtaxoAbsfk4pqy9ExN/CeiqJVp7UrI2+39bl8t6J1si9o93nviLbpZfDE+OeROhf0LSlHdehav15A\
WYFz4Dh17H2Qj6+TmlFPAYXeN+oyzJOHorJUlGbnh/2HOpMXr2+vRctOdTckN0kK96dpWo+PRNV4kUM\
pCxcNzkRSVvTSWZJvDMTzmie+e/ZFgawAmG9LWTARZXJlov2AAzmyZ3L7cMubQwXRm5AyITCWBHjDIU\
ZNBJbWd1RwUYrRbQD5cGxQOVbf8RIIlKG75xyCxiUpMFsQ4V4eqGoNY38gPrSg7D0HXW6IlvH8SRvut\
VjVX3yQ6b4hDWKO8EYCshOeYF1JbJp27C4hzsmM7hyWn9TexJmSjq1vLqeROPO70leiIx+2ZOc8KfQm\
7XnOUTMX5yFGLtvUy1t/TSA9gAM5smdy+3DLm0MF0ZuQIiatThLZ3lWGR/1LhpGASkcsckigfseX7Ux\
ZGGTwypK1LEbifFSfC0/ltMTHweEIY3khXaavGqeH/QrIprfWvj2AAzmyZ3L7cMubQwXRm5AyITCWBH\
jDIUZNBJbWd1RwUYrRbQD5cGxQOVbf8RIIlKG75xyCxiUpMFsQ4V4eqGoNY38gPrSg7D0HXW6IlvH8b\
lKk7fvipJhWEHyeNfgZGWzAfPcSOStY3eHnY7cgTA1lIVRpLAsw5/99mld/KmRmUdUfUCIiJebiJyYZ\
REnoKsB/yjUcKR0rCLQAWDffTdosoqM3nPNBdO48BlgkBWC1KX5d4D+LTFDNmoZF8etNFtH8/qwbDTo\
JAFpLi8ftRGNwQ4fJtF7yZ8cUxXWgpZEsgSxfHiFe7KH26yooMfylG/fwJ93lgjDVN75fZyH7xwN/ir\
HeMIhZb3aaAUMPN2FH/mU+M+A7eAHhexM8odo9h6g2B5JyW2VLhXnPzWTnkbXBLF8eIV7sofbrKigx/\
KUb+FCdS21SwFoEeGEzRtZBvx3EN/MRBXiSMfhFZArfaxfcW31EqKvmdYkdXW0MDMKiOnpmxH1jvitx\
DH14hVCNbGHeDm7+dg0IN0HpVDwlPvS8Z/e3z1yGWxp4W5kz8aus560jlouGTOfsyyzyf4Oh9lH8/qw\
bDToJAFpLi8ftRGNwQ4fJtF7yZ8cUxXWgpZEsgSxfHiFe7KH26yooMfylG/fwJ93lgjDVN75fZyH7xw\
N/irHeMIhZb3aaAUMPN2FH85fP8Gj+0EHZbu4aHP8K5prGQ1MqArlKpT0JhSBNroGDaZc7asPQ+tT0b\
Ym7hY3FNuHsQTyLAvb2yeuc6WgjSeOrrTH0bFc9oiaxBD8jAcE4CF55NU0FQaInZRHwePC0i8quEsXx\
xbRrbtvjxe2BjByqVnUtS9XgYeE4tJpD3XO8hmK8TfxaOQKNQUcnWTIN1LPtk0ez1i2Cdndson8TBRt\
6R/uo+SdTIoiF9PljHbcTTID2WoONlhdZhL97IamsYGx+YFkW4GFvIYCXL4EsnSi3VtHY6ctb6nHqbc\
x6tDCQ3AaINSSGkYNjEZabxJH7MTqo9m0KxEkY7im1SqWgmhcMAtyCqFn8ZHE2uq9F9vCA1cwBhjO1f\
Gc1uvxzPcrVT6s3Nyc60v0IIsHz60AbJcAJFxhowYnCyUjSA0hMOhx3tVtz2aofkxlnUUimdKy6QXKz\
FpEBrmRwpW44RcOzlFKiDX9k6bKkHZ1oSqz8oQmi1QB2g/FQhd7OshS3VKZmVLPtk0ez1i2Cdndson8\
TBRt6R/uo+SdTIoiF9PljHbcbGcxlzZzF4eCxGkHetc5M7tu+Y0qW51O+Sn1lPamXeCv/nS1yUAG9cG\
FuWQ9uWGMzBziHmBj+cMVOmSmBrABncBewO/FfTb+uVHZfkG/w2LBtgk+q05D+Yb9fIsMxeNbEem+S6\
Kyt145u7kWfUk4PkyuXr6ybFzocNPeQf6VQyzdsxxSDR0xBeL2tF+oc+ctVGgx022VadCfwyzJUarnZ\
9RtZm0dCwkpAUs1ptFzKdLw4R7eoROqHIbXDWb5OTuhWLiOxWsfoBX5cxMCVVs4atrAJgfR8VSmp2Td\
MXJ1bAQ9CvYAKf7J9JDqy3USxWe9P15pp4CCRGh7lKmL2OsLlBHpvkuisrdeObu5Fn1JOD4FKIOC1wU\
ry3AklwSBRIBKbEWqvGj4nHMJDMD79imjmns/OcdvdfL6eD4sI/vDTxTFeQ1lxCkRIDTtLR/+0AbRS4\
bMifsPoF/k8fYrcMTeyrW7a1T4S20eywWgDzJVBOJKMFPurxaEP71hrWKxb1duVGgx022VadCfwyzJU\
arnZ9RtZm0dCwkpAUs1ptFzKdLw4R7eoROqHIbXDWb5OTuhHIAmNYvMIAAFoBuBuKoX88OP58vpihCg\
4sOHL+dRynH+sXoWvtPZTRjVlGynXuCVxBz4wpQsbb+DVYLh1xyFFk1U7+GYfzv/7LKSsx7t2eIdUAJ\
4TnP3V8CRbNvAJhz3Pej55VHNoi5ZB5UvDs71hA+a2558W72hZKKEjX6gV1X2AAzmyZ3L7cMubQwXRm\
5AiJq1OEtneVYZH/UuGkYBKRyxySKB+x5ftTFkYZPDKkqlrArFuYQ5k8AJOT0uF5sQ+UjtyTx6YMWTh\
sBobvbTlfrfb4mOT5US+hfk7OzyJeITopwFdzyxAZd0uPx+Ra7SLVYjvvniPGJTY1K1+4rvVYbvnHIL\
GJSkwWxDhXh6oag1jfyA+tKDsPQddboiW8fxJG+61WNVffJDpviENYo7wVvBxN1W62cfq3DLmhHJXbV\
Ha1VDRWRU4yLSl1MceY/ILB1pHDaE5tKTpM29V8zCZW4AO6OsMP6PHg/c0TQKJOA0+GV58Hd1zMZl2O\
SGFXGkiJq1OEtneVYZH/UuGkYBKRyxySKB+x5ftTFkYZPDKkoZryJLKoYVoKeu+p75YCnBgB69nhZb6\
bOdjncxZj1I8ueVZN7wMascTpmv2LeYL6YidumYLaaYBbJV5axcDYBpasaKjyKvyUb2yO2eBFlnRtzS\
j3YxCweDqyhcFhTyetMEsXx4hXuyh9usqKDH8pRvURNbTx9gZqQBrtTJ6Kkscwbo8TLzzWcQYoel9mu\
65adxbfUSoq+Z1iR1dbQwMwqI6embEfWO+K3EMfXiFUI1sYd4Obv52DQg3QelUPCU+9LCJcqe4xq+mo\
puGPKQbBshdxDfzEQV4kjH4RWQK32sX/uerBB4OUesTcCoRzxajeAojm5yxx61XBTXj2wzmCBgBLF8e\
IV7sofbrKigx/KUb9/An3eWCMNU3vl9nIfvHA3+Ksd4wiFlvdpoBQw83YUfw0hRCHp2f1hadejhPX6C\
P00/jsxQkq3bgrNoR5w/WM8EsXx4hXuyh9usqKDH8pRvoSp1JtvYXz5Lo0echM3te560jlouGTOfsyy\
zyf4Oh9lxbfUSoq+Z1iR1dbQwMwqI6embEfWO+K3EMfXiFUI1sXpHLasjDo/hQvHKBVfNezolgmB1eQ\
GS69o3qu6KYxaZuq7Ll/P7tHL614LrPlsZTaVPDwHBM2R0UpurTHCwFkMzSYG9u7uN7f/gik2gBhBkg\
a8n68D5JOSy91nQZaChsYpJCA7i5Oe+rv0S2LIacS3Y94PrR6wi/2fcy4hKTyvsVnB/yxvshA2hlDfS\
1ZRO1VwwC3IKoWfxkcTa6r0X28IDVzAGGM7V8ZzW6/HM9ytVPqzc3JzrS/QgiwfPrQBsl46utMfRsVz\
2iJrEEPyMBwTgIXnk1TQVBoidlEfB48LSLyq4SxfHFtGtu2+PF7YGMHKpWdS1L1eBh4Ti0mkPdc7yGY\
rxN/Fo5Ao1BRydZMg3Us+2TR7PWLYJ2d2yifxMFG3pH+6j5J1MiiIX0+WMdtxNMgPZag42WF1mEv3sh\
qaxga8n68D5JOSy91nQZaChsYpJCA7i5Oe+rv0S2LIacS2CIAVpKbri0nLs3SEKTs1fY2+YgGS2DmCF\
49WBzcSDd1wwC3IKoWfxkcTa6r0X28IDVzAGGM7V8ZzW6/HM9ytVPqzc3JzrS/QgiwfPrQBslzEXEj8\
YrT/0+IjpdOwcnAPUnxfJmQvpRYzF3cygDYqfextf+SInDCn26pPNQyzGjvX40BQYD5NiIyNLTtXirv\
hYuI7Fax+gFflzEwJVWzhq2sAmB9HxVKanZN0xcnVsBD0K9gAp/sn0kOrLdRLFZ70/XmmngIJEaHuUq\
YvY6wuUEem+S6Kyt145u7kWfUk4PgUog4LXBSvLcCSXBIFEgEpsRaq8aPiccwkMwPv2KaOam8zCGPZL\
gxU2hDIbQdgtQgSVCXdHZAGvM0TfYdeoWSY667S4IAfTDczUh9h6EOaUzq1p9Bejwt7d0ZAdlsHcPV2\
ySbtiMJLMaIC+hCESS+5UaDHTbZVp0J/DLMlRqudn1G1mbR0LCSkBSzWm0XMp0vDhHt6hE6ochtcNZv\
k5O6ENWK/uA2wc/5VjppiULNDmwXaPOu7bQQhu44+J3MeejqNcRFTnyX6eqvQZU8tJQb+Mp2rHL2qgy\
vMUok+x/NZbS4bMifsPoF/k8fYrcMTeygUog4LXBSvLcCSXBIFEgEpsRaq8aPiccwkMwPv2KaOatiM4\
v7V1jRodkNcwq9XPoZf4ji+G9AkuRIdsdAeEK/UDC8ehU3DrNobb/8+ME15WnS5AVAmt4SLtPH1FrrU\
Sl/LhqlbxC93QGIj+8Fbmdu3ZcQTuWK42Ey36eiIPwmoK9gAM5smdy+3DLm0MF0ZuQAx1SST3ENMvxW\
ENCsIGchUzuHJaf1N7EmZKOrW8up5Ehu+ccgsYlKTBbEOFeHqhqDWN/ID60oOw9B11uiJbx/Ekb7rVY\
1V98kOm+IQ1ijvBTVTv4Zh/O//sspKzHu3Z4h1QAnhOc/dXwJFs28AmHPeN6JMld191u/O7gwvPwFK1\
fhgx6C6jP0kFp2AFCAzfH/YADObJncvtwy5tDBdGbkCImrU4S2d5Vhkf9S4aRgEpHLHJIoH7Hl+1MWR\
hk8MqSlsj8OttsN0T2S2+GgOJ5v8dP4Z8I6pOb0Cw0EIOTduA9gAM5smdy+3DLm0MF0ZuQPfM2Sd9ZD\
17lmm+u5KZXbu9zRLgo5FywZaMtxZ+KO3Khu+ccgsYlKTBbEOFeHqhqDWN/ID60oOw9B11uiJbx/G5S\
pO374qSYVhB8njX4GRlKHQ437G2BQiwxUFd/ZnOcxC3KDrAUKzr8EH5XyP7dPhg2UaGdxtP+Zez15gP\
5Ym7C8QBpD5z6cOYRSDK7OqIQ8Ilyp7jGr6aim4Y8pBsGyF3EN/MRBXiSMfhFZArfaxf+56sEHg5R6x\
NwKhHPFqN4CiObnLHHrVcFNePbDOYIGAEsXx4hXuyh9usqKDH8pRv38Cfd5YIw1Te+X2ch+8cDf4qx3\
jCIWW92mgFDDzdhR8aoxwcTkUWqMBtO3QCCm5XdGBGPTckMt2tr03hzkep7QSxfHiFe7KH26yooMfyl\
G8lgS5iRd/N/T0/yemfUWFbtkOmcoyr3Mb9La5HiKYLnnFt9RKir5nWJHV1tDAzCojp6ZsR9Y74rcQx\
9eIVQjWxh3g5u/nYNCDdB6VQ8JT70lG7tTPAoZyp1j6c2yXfr+MG6PEy881nEGKHpfZruuWn25ogRYD\
JtYVg3gkSo2D1N2kicFZT8Bbw1SCP0FPYRlgEsXx4hXuyh9usqKDH8pRv38Cfd5YIw1Te+X2ch+8cDf\
4qx3jCIWW92mgFDDzdhR+TKnLlTzU+U1u+DDAIAWQrYukd/Rwy/ZhBtklGzH7Py+SRBfUqTf5YYA9tw\
pG89fHVlU2WCIUP8GLl/YAwaU+Qus3RBnE9X040NfOlmvhV5RS/+GpdFuDz+/VVWVgZa/QEsXx4hXuy\
h9usqKDH8pRvzGgJAW92cOstee5n2ZP9rIOCDUBwrrhH7m7yBPD1ZShxbfUSoq+Z1iR1dbQwMwqI6em\
bEfWO+K3EMfXiFUI1sYd4Obv52DQg3QelUPCU+9KJoMzw+BAI83RL3MPIDn+Wyy+PIHZkjCJZaswo9Q\
ObCaqzgfnMIlyw63V4a8FbDwbHVQKs5xbpgojSsvLD/mxmBLF8eIV7sofbrKigx/KUb9/An3eWCMNU3\
vl9nIfvHA3+Ksd4wiFlvdpoBQw83YUfpaQJr/Pcsl38KA1SziGIi5qQsbCKbguSsG40vywLEP8EsXx4\
hXuyh9usqKDH8pRvZCok3RiS3uGM9Aev1Gx7W6X5d4D+LTFDNmoZF8etNFtxbfUSoq+Z1iR1dbQwMwq\
I6embEfWO+K3EMfXiFUI1sXpHLasjDo/hQvHKBVfNezqKdb3YaEioSBwodYybSqlGMBcBrqaoP/0pxq\
Rv8gDYN8RUu0Iay7A6EtIkCim/sYR0Az7EIJY9ThhCY//FtA2UwiXKnuMavpqKbhjykGwbIXcQ38xEF\
eJIx+EVkCt9rF+qs4H5zCJcsOt1eGvBWw8Gx1UCrOcW6YKI0rLyw/5sZgSxfHiFe7KH26yooMfylG/f\
wJ93lgjDVN75fZyH7xwN/irHeMIhZb3aaAUMPN2FH5vO0g+RuD9LuHPzam+UDo7c0o92MQsHg6soXBY\
U8nrTBLF8eIV7sofbrKigx/KUb8xoCQFvdnDrLXnuZ9mT/ayDgg1AcK64R+5u8gTw9WUocW31EqKvmd\
YkdXW0MDMKiOnpmxH1jvitxDH14hVCNbGHeDm7+dg0IN0HpVDwlPvSUbu1M8ChnKnWPpzbJd+v4wbo8\
TLzzWcQYoel9mu65afbmiBFgMm1hWDeCRKjYPU3aSJwVlPwFvDVII/QU9hGWASxfHiFe7KH26yooMfy\
lG/fwJ93lgjDVN75fZyH7xwN/irHeMIhZb3aaAUMPN2FH+H8kHKBk6aTOBYmPr6lXYGwhP33O3lVOaK\
ST5EnscA0LauAKIA1ybONoRfMOs+weptDDArXYQ+0nafJh1IIh0I9z4BYCZ+eNhFf+CNzW7YvivkEtA\
fghtGwIkwh47LWrQSxfHiFe7KH26yooMfylG8lgS5iRd/N/T0/yemfUWFbtkOmcoyr3Mb9La5HiKYLn\
nFt9RKir5nWJHV1tDAzCojp6ZsR9Y74rcQx9eIVQjWxh3g5u/nYNCDdB6VQ8JT70rKKjN5zzQXTuPAZ\
YJAVgtSl+XeA/i0xQzZqGRfHrTRbrhNre2ao3f04cca7Qyd0vL5p5OrQ3bs6CZFYuO8JvtEEsXx4hXu\
yh9usqKDH8pRv38Cfd5YIw1Te+X2ch+8cDf4qx3jCIWW92mgFDDzdhR+vA7+unvTkkrW3FFN9t396s2\
n8K+OYQUpi6jXSxmKPhASxfHiFe7KH26yooMfylG+Lin30Kx2VDSa88FuVapuTyy+PIHZkjCJZaswo9\
QObCXFt9RKir5nWJHV1tDAzCojp6ZsR9Y74rcQx9eIVQjWxekctqyMOj+FC8coFV817OillURK/u9fS\
PCD8gch8gUwm7KCROT/GyGqS8FBkvsOizXaANJKpHmcTFuF3dw2O8223eX+9JJwaS4V1Hu35ljrxn97\
fPXIZbGnhbmTPxq6znrSOWi4ZM5+zLLPJ/g6H2a4Ta3tmqN39OHHGu0MndLy+aeTq0N27OgmRWLjvCb\
7RBLF8eIV7sofbrKigx/KUb9/An3eWCMNU3vl9nIfvHA3+Ksd4wiFlvdpoBQw83YUfGqMcHE5FFqjAb\
Tt0AgpuV3RgRj03JDLdra9N4c5Hqe0EsXx4hXuyh9usqKDH8pRvJYEuYkXfzf09P8npn1FhW7ZDpnKM\
q9zG/S2uR4imC55xbfUSoq+Z1iR1dbQwMwqI6embEfWO+K3EMfXiFUI1sYd4Obv52DQg3QelUPCU+9J\
KZ9KnZK1OzPvS8L3B6p1oy/n6PxdQW/J5QzycQnb05fVw8L3PEOwPY3ImyxaB7TXvBtsRghHQobShBg\
sxrM4YBLF8eIV7sofbrKigx/KUb9/An3eWCMNU3vl9nIfvHA3+Ksd4wiFlvdpoBQw83YUfP8xQEdJ2K\
O9wReCnoeAOeCH+FzIZplQQsGXfelNvO2/+ZlWcaZfjkgPe3hjJKqAeUuIeXtzrR1xJkl6eLKnnL7rN\
0QZxPV9ONDXzpZr4VeUUv/hqXRbg8/v1VVlYGWv0BLF8eIV7sofbrKigx/KUb8xoCQFvdnDrLXnuZ9m\
T/ayDgg1AcK64R+5u8gTw9WUocW31EqKvmdYkdXW0MDMKiOnpmxH1jvitxDH14hVCNbGHeDm7+dg0IN\
0HpVDwlPvS8Z/e3z1yGWxp4W5kz8aus560jlouGTOfsyyzyf4Oh9muE2t7Zqjd/ThxxrtDJ3S8vmnk6\
tDduzoJkVi47wm+0QSxfHiFe7KH26yooMfylG/fwJ93lgjDVN75fZyH7xwN/irHeMIhZb3aaAUMPN2F\
H68Dv66e9OSStbcUU323f3qzafwr45hBSmLqNdLGYo+EBLF8eIV7sofbrKigx/KUb4uKffQrHZUNJrz\
wW5Vqm5PLL48gdmSMIllqzCj1A5sJcW31EqKvmdYkdXW0MDMKiOnpmxH1jvitxDH14hVCNbF6Ry2rIw\
6P4ULxygVXzXs6DbwywYyzBDsv9CLk+frC8h+c8ihvflUduClBoTOlUfmlTw8BwTNkdFKbq0xwsBZDG\
aGzODP1f5m8F6o7qs/kAEpn0qdkrU7M+9LwvcHqnWjL+fo/F1Bb8nlDPJxCdvTl9XDwvc8Q7A9jcibL\
FoHtNe8G2xGCEdChtKEGCzGszhgEsXx4hXuyh9usqKDH8pRv38Cfd5YIw1Te+X2ch+8cDf4qx3jCIWW\
92mgFDDzdhR+vA7+unvTkkrW3FFN9t396s2n8K+OYQUpi6jXSxmKPhASxfHiFe7KH26yooMfylG+Lin\
30Kx2VDSa88FuVapuTyy+PIHZkjCJZaswo9QObCXFt9RKir5nWJHV1tDAzCojp6ZsR9Y74rcQx9eIVQ\
jWxh3g5u/nYNCDdB6VQ8JT70vGf3t89chlsaeFuZM/GrrOetI5aLhkzn7Mss8n+DofZrhNre2ao3f04\
cca7Qyd0vL5p5OrQ3bs6CZFYuO8JvtEEsXx4hXuyh9usqKDH8pRv38Cfd5YIw1Te+X2ch+8cDf4qx3j\
CIWW92mgFDDzdhR81Q4dew8eiTwbivnZawlaqyW8l6q9hABJ6SHs4GP0lc6nDoRWtAqq72ctWDe5zMV\
jXpwIGk0/f3N9WgSCYmh3E5ykvsdqURyXrnELGRmMg8dTD6io0x1zRJkW3HYWE1ebI9oxCbMhb0e8tq\
T7Gejlwp7xNK/qT97xPzZMpJZgUI8svjyB2ZIwiWWrMKPUDmwlxbfUSoq+Z1iR1dbQwMwqI6embEfWO\
+K3EMfXiFUI1sYd4Obv52DQg3QelUPCU+9JkvKEfMtQ/BuYO03icsndlzElHuJ6Ku20gplWSlrwyOdH\
I4mTbOfwjXxbcbqazUo3HVQKs5xbpgojSsvLD/mxmBLF8eIV7sofbrKigx/KUb9/An3eWCMNU3vl9nI\
fvHA3+Ksd4wiFlvdpoBQw83YUfqpwf33QQVXuIk6xYj7AeXv17LooK26UOROvUZt5f/3fI9oxCbMhb0\
e8tqT7GejlwlY/IZh5hz7pleOF/qc95fKX5d4D+LTFDNmoZF8etNFtxbfUSoq+Z1iR1dbQwMwqI6emb\
EfWO+K3EMfXiFUI1sXpHLasjDo/hQvHKBVfNezo4CKG4bvgyNiocwbEsejGqxR6jA5kVnumGFNwT2Ta\
3TpGaIsPCtxeNcqfROkD3NNkDp8QBfGCkZ6HnvYWvl5PWeekAyNBS+sEKvF0REAg1SAnvQWspJcVSD9\
MiFL5JqCHBxTIQZ07UNqFMq3SMq2v3aSJwVlPwFvDVII/QU9hGWASxfHiFe7KH26yooMfylG/fwJ93l\
gjDVN75fZyH7xwN/irHeMIhZb3aaAUMPN2FH9gNMS2Z2jvdVk57J5WOl0EgU52Oct/DtvxKlIg/nPBQ\
yPaMQmzIW9HvLak+xno5cJ3YTpbaOCMp38u+Od9QuPa2Q6ZyjKvcxv0trkeIpguecW31EqKvmdYkdXW\
0MDMKiOnpmxH1jvitxDH14hVCNbGHeDm7+dg0IN0HpVDwlPvSeekAyNBS+sEKvF0REAg1SAnvQWspJc\
VSD9MiFL5JqCHLhx4vZSWm9QnQW4LNioLJXagweWnyCI9znhm2YuAUhwSxfHiFe7KH26yooMfylG/fw\
J93lgjDVN75fZyH7xwN/irHeMIhZb3aaAUMPN2FH7zBsZKwNvAnJBVvCZ9xNkke8dZ8MPMYc2gzoFqX\
NlczxpS8aknSVfJRil69Ys5v9YgtztIf0we3Q2YQ5KbjFdDnKS+x2pRHJeucQsZGYyDx1MPqKjTHXNE\
mRbcdhYTV5sj2jEJsyFvR7y2pPsZ6OXCnvE0r+pP3vE/NkyklmBQjyy+PIHZkjCJZaswo9QObCXFt9R\
Kir5nWJHV1tDAzCojp6ZsR9Y74rcQx9eIVQjWxh3g5u/nYNCDdB6VQ8JT70nnpAMjQUvrBCrxdERAIN\
UgJ70FrKSXFUg/TIhS+SaghwcUyEGdO1DahTKt0jKtr92kicFZT8Bbw1SCP0FPYRlgEsXx4hXuyh9us\
qKDH8pRv38Cfd5YIw1Te+X2ch+8cDf4qx3jCIWW92mgFDDzdhR/RkjAl4lcwA2Ee/YBOL1sivur3cV1\
4dmFgewJVrfQ5Lcj2jEJsyFvR7y2pPsZ6OXA8F/tiUtb6/kJyXS55WQaXg4INQHCuuEfubvIE8PVlKH\
Ft9RKir5nWJHV1tDAzCojp6ZsR9Y74rcQx9eIVQjWxekctqyMOj+FC8coFV817OvtoXO/TQbha20dvW\
2KoI3c8IXFxwwAq8PWY3MhE+LfepOPJMiRy6OKVAIy7jUrbmSH8fNiTuBiZs5renL6j96l56QDI0FL6\
wQq8XREQCDVICe9BayklxVIP0yIUvkmoIcuHHi9lJab1CdBbgs2KgsldqDB5afIIj3OeGbZi4BSHBLF\
8eIV7sofbrKigx/KUb9/An3eWCMNU3vl9nIfvHA3+Ksd4wiFlvdpoBQw83YUf2A0xLZnaO91WTnsnlY\
6XQSBTnY5y38O2/EqUiD+c8FDI9oxCbMhb0e8tqT7GejlwndhOlto4Iynfy74531C49rZDpnKMq9zG/\
S2uR4imC55xbfUSoq+Z1iR1dbQwMwqI6embEfWO+K3EMfXiFUI1sYd4Obv52DQg3QelUPCU+9JkvKEf\
MtQ/BuYO03icsndlzElHuJ6Ku20gplWSlrwyOd4K4Ji8h8iqMr3Fl8UUqRUojm5yxx61XBTXj2wzmCB\
gBLF8eIV7sofbrKigx/KUb9/An3eWCMNU3vl9nIfvHA3+Ksd4wiFlvdpoBQw83YUfhGXqyhamYsOPu5\
m9xjuduYAevZ4WW+mznY53MWY9SPLRFHr8vKMTZjZsR4HjfLLP6bqhm6nn2Wbeokg5J2tEsU9KmzPDc\
toe1VKWbgT5y32PyedDGPHjPj9tFPqATNN0yPaMQmzIW9HvLak+xno5cDwX+2JS1vr+QnJdLnlZBpeD\
gg1AcK64R+5u8gTw9WUocW31EqKvmdYkdXW0MDMKiOnpmxH1jvitxDH14hVCNbGHeDm7+dg0IN0HpVD\
wlPvSU5mX5zOykyYHCfHK3jl9y3tuUNbu2YwjJygkTR+Uyfw/PTyLZ+i+4Z5IG4VKKvi97wbbEYIR0K\
G0oQYLMazOGASxfHiFe7KH26yooMfylG/fwJ93lgjDVN75fZyH7xwN/irHeMIhZb3aaAUMPN2FH9GSM\
CXiVzADYR79gE4vWyK+6vdxXXh2YWB7AlWt9DktyPaMQmzIW9HvLak+xno5cDwX+2JS1vr+QnJdLnlZ\
BpeDgg1AcK64R+5u8gTw9WUocW31EqKvmdYkdXW0MDMKiOnpmxH1jvitxDH14hVCNbF6Ry2rIw6P4UL\
xygVXzXs6+2hc79NBuFrbR29bYqgjdzwhcXHDACrw9ZjcyET4t96k48kyJHLo4pUAjLuNStuZ+GTzjd\
5wPC6OgUE4gX3KmmS8oR8y1D8G5g7TeJyyd2XMSUe4noq7bSCmVZKWvDI53grgmLyHyKoyvcWXxRSpF\
SiObnLHHrVcFNePbDOYIGAEsXx4hXuyh9usqKDH8pRv38Cfd5YIw1Te+X2ch+8cDf4qx3jCIWW92mgF\
DDzdhR9kE40jVmUDlEP/qDKrnW7E1MPqKjTHXNEmRbcdhYTV5sj2jEJsyFvR7y2pPsZ6OXCCo6B+oFc\
EqY1LyTH+/jB0dxDfzEQV4kjH4RWQK32sX3Ft9RKir5nWJHV1tDAzCojp6ZsR9Y74rcQx9eIVQjWxh3\
g5u/nYNCDdB6VQ8JT70nnpAMjQUvrBCrxdERAINUgJ70FrKSXFUg/TIhS+Saghy4ceL2UlpvUJ0FuCz\
YqCyV2oMHlp8giPc54ZtmLgFIcEsXx4hXuyh9usqKDH8pRv38Cfd5YIw1Te+X2ch+8cDf4qx3jCIWW9\
2mgFDDzdhR+EZerKFqZiw4+7mb3GO525gB69nhZb6bOdjncxZj1I8tEUevy8oxNmNmxHgeN8ss9bQfm\
ibVVMqGDryZkmRa6D5ykvsdqURyXrnELGRmMg8dTD6io0x1zRJkW3HYWE1ebI9oxCbMhb0e8tqT7Gej\
lwp7xNK/qT97xPzZMpJZgUI8svjyB2ZIwiWWrMKPUDmwlxbfUSoq+Z1iR1dbQwMwqI6embEfWO+K3EM\
fXiFUI1sdmeu3N7qcblS/BGYJrYgSwSxXHVxiZK1w76JYZTxqPaCDad8Q3TewHxHTQzc8+EH4e4utNy\
nhMb2jPz1tQgzy++aeTq0N27OgmRWLjvCb7RBLF8eIV7sofbrKigx/KUb9/An3eWCMNU3vl9nIfvHA3\
+Ksd4wiFlvdpoBQw83YUfV+NMrIO7oI7Y+gx0lKjpXBLkmyQPOAO69rbePJfC/CDI9oxCbMhb0e8tqT\
7Gejlwp7xNK/qT97xPzZMpJZgUI8svjyB2ZIwiWWrMKPUDmwlxbfUSoq+Z1iR1dbQwMwqI6embEfWO+\
K3EMfXiFUI1sXpHLasjDo/hQvHKBVfNezp0Qvsn2jKml8M2cnJQDyzVRj0BtlwOzWWYeUheeT7HZKTj\
yTIkcujilQCMu41K25nXQtEkmCIBPZEilhTAaRkocRhHscqf8kxukmOWABDdpTiwAI+B23uT4gLN7Xi\
8EurCxf1yc6v1VRa7DeugbJfRwQ4fJtF7yZ8cUxXWgpZEsgSxfHiFe7KH26yooMfylG/fwJ93lgjDVN\
75fZyH7xwN/irHeMIhZb3aaAUMPN2FH6qcH990EFV7iJOsWI+wHl79ey6KCtulDkTr1GbeX/93yPaMQ\
mzIW9HvLak+xno5cNUacNe0rha6syNhNMqxgDGetI5aLhkzn7Mss8n+DofZcW31EqKvmdYkdXW0MDMK\
iOnpmxH1jvitxDH14hVCNbGHeDm7+dg0IN0HpVDwlPvSU5mX5zOykyYHCfHK3jl9y3tuUNbu2YwjJyg\
kTR+Uyfy5EgGtsDCp7ZWSocNmSpq7OTVc839F+3E509KWOTXyWQSxfHiFe7KH26yooMfylG/fwJ93lg\
jDVN75fZyH7xwN/irHeMIhZb3aaAUMPN2FH4Rl6soWpmLDj7uZvcY7nbmAHr2eFlvps52OdzFmPUjy0\
RR6/LyjE2Y2bEeB43yyzyuA7G/FuzfVLy20ngid7HvvFK9g6WE+p4enN70X3OlYEuSbJA84A7r2tt48\
l8L8IMj2jEJsyFvR7y2pPsZ6OXCnvE0r+pP3vE/NkyklmBQjyy+PIHZkjCJZaswo9QObCXFt9RKir5n\
WJHV1tDAzCojp6ZsR9Y74rcQx9eIVQjWx2Z67c3upxuVL8EZgmtiBLBLFcdXGJkrXDvolhlPGo9oINp\
3xDdN7AfEdNDNzz4Qfh7i603KeExvaM/PW1CDPL75p5OrQ3bs6CZFYuO8JvtEEsXx4hXuyh9usqKDH8\
pRv38Cfd5YIw1Te+X2ch+8cDf4qx3jCIWW92mgFDDzdhR9ATOrl36Rd1MwFwp9myiGvqh4Wl46fN/Ta\
3np2Pzg5KMj2jEJsyFvR7y2pPsZ6OXCVj8hmHmHPumV44X+pz3l8pfl3gP4tMUM2ahkXx600W3Ft9RK\
ir5nWJHV1tDAzCojp6ZsR9Y74rcQx9eIVQjWxekctqyMOj+FC8coFV817OillURK/u9fSPCD8gch8gU\
wm7KCROT/GyGqS8FBkvsOizXaANJKpHmcTFuF3dw2O84X8ie+Y+RhHYf7se5QzaCooeteD4B1cC+5vw\
RZJKNgfMT41lPbIoJPZDetGswaporkSAa2wMKntlZKhw2ZKmrs5NVzzf0X7cTnT0pY5NfJZBLF8eIV7\
sofbrKigx/KUb9/An3eWCMNU3vl9nIfvHA3+Ksd4wiFlvdpoBQw83YUf0ZIwJeJXMANhHv2ATi9bIr7\
q93FdeHZhYHsCVa30OS3I9oxCbMhb0e8tqT7GejlwVC9d0ZM2JgukN+VpvZ3XQwbo8TLzzWcQYoel9m\
u65adxbfUSoq+Z1iR1dbQwMwqI6embEfWO+K3EMfXiFUI1sYd4Obv52DQg3QelUPCU+9JTmZfnM7KTJ\
gcJ8creOX3Le25Q1u7ZjCMnKCRNH5TJ/LkSAa2wMKntlZKhw2ZKmrs5NVzzf0X7cTnT0pY5NfJZBLF8\
eIV7sofbrKigx/KUb9/An3eWCMNU3vl9nIfvHA3+Ksd4wiFlvdpoBQw83YUfaGz0XQYve6jmI/YqHRc\
HOB3GI5RKObOoIvxYdjhKwmuP9QCvUrIMYxBJChUbBGrOyD0RN6ahARR+VED3ZEhi2O8Ur2DpYT6nh6\
c3vRfc6VgS5JskDzgDuva23jyXwvwgyPaMQmzIW9HvLak+xno5cKe8TSv6k/e8T82TKSWYFCPLL48gd\
mSMIllqzCj1A5sJcW31EqKvmdYkdXW0MDMKiOnpmxH1jvitxDH14hVCNbHZnrtze6nG5UvwRmCa2IEs\
05mFJROOFrvpMlkNiw3mg4nzxV/79j77m883kGVQys3BxTIQZ07UNqFMq3SMq2v3aSJwVlPwFvDVII/\
QU9hGWASxfHiFe7KH26yooMfylG/fwJ93lgjDVN75fZyH7xwN/irHeMIhZb3aaAUMPN2FH6NHKDm9QY\
h9awovlSKx8l2euMgzoMlXw59jfzazp2K9yPaMQmzIW9HvLak+xno5cJ3YTpbaOCMp38u+Od9QuPa2Q\
6ZyjKvcxv0trkeIpguecW31EqKvmdYkdXW0MDMKiOnpmxH1jvitxDH14hVCNbF6Ry2rIw6P4ULxygVX\
zXs68L7JTsg63GJRXkpmPxdPs0w8XcvzgvYB3gYZxMXF20ak48kyJHLo4pUAjLuNStuZ/zgCR3x8tii\
IipagAhNWRih614PgHVwL7m/BFkko2B8xPjWU9sigk9kN60azBqmiuRIBrbAwqe2VkqHDZkqauzk1XP\
N/RftxOdPSljk18lkEsXx4hXuyh9usqKDH8pRv38Cfd5YIw1Te+X2ch+8cDf4qx3jCIWW92mgFDDzdh\
R9OSRMq547/wt6NiTBlry5nj8nnQxjx4z4/bRT6gEzTdMj2jEJsyFvR7y2pPsZ6OXBUL13RkzYmC6Q3\
5Wm9nddDBujxMvPNZxBih6X2a7rlp3Ft9RKir5nWJHV1tDAzCojp6ZsR9Y74rcQx9eIVQjWxh3g5u/n\
YNCDdB6VQ8JT70nEYR7HKn/JMbpJjlgAQ3aU4sACPgdt7k+ICze14vBLqwsX9cnOr9VUWuw3roGyX0c\
EOHybRe8mfHFMV1oKWRLIEsXx4hXuyh9usqKDH8pRv38Cfd5YIw1Te+X2ch+8cDf4qx3jCIWW92mgFD\
DzdhR+EZerKFqZiw4+7mb3GO525gB69nhZb6bOdjncxZj1I8tEUevy8oxNmNmxHgeN8ss+W3eqE7oln\
We6Za928AicXSUOnZzxZUj0HG7xg+Jkx/564yDOgyVfDn2N/NrOnYr3I9oxCbMhb0e8tqT7Gejlwndh\
Olto4Iynfy74531C49rZDpnKMq9zG/S2uR4imC55xbfUSoq+Z1iR1dbQwMwqI6embEfWO+K3EMfXiFU\
I1sdmeu3N7qcblS/BGYJrYgSzTmYUlE44Wu+kyWQ2LDeaDifPFX/v2PvubzzeQZVDKzcHFMhBnTtQ2o\
UyrdIyra/dpInBWU/AW8NUgj9BT2EZYBLF8eIV7sofbrKigx/KUb9/An3eWCMNU3vl9nIfvHA3+Ksd4\
wiFlvdpoBQw83YUfQEzq5d+kXdTMBcKfZsohr6oeFpeOnzf02t56dj84OSjI9oxCbMhb0e8tqT7Gejl\
w1Rpw17SuFrqzI2E0yrGAMZ60jlouGTOfsyyzyf4Oh9lxbfUSoq+Z1iR1dbQwMwqI6embEfWO+K3EMf\
XiFUI1sXpHLasjDo/hQvHKBVfNezo4CKG4bvgyNiocwbEsejGqxR6jA5kVnumGFNwT2Ta3TpGaIsPCt\
xeNcqfROkD3NNmUimh368UOdcQiVUpsglI0EsVx1cYmStcO+iWGU8aj2gg2nfEN03sB8R00M3PPhB/C\
xf1yc6v1VRa7DeugbJfRwQ4fJtF7yZ8cUxXWgpZEsgSxfHiFe7KH26yooMfylG/fwJ93lgjDVN75fZy\
H7xwN/irHeMIhZb3aaAUMPN2FH1fjTKyDu6CO2PoMdJSo6VwS5JskDzgDuva23jyXwvwgyPaMQmzIW9\
HvLak+xno5cIKjoH6gVwSpjUvJMf7+MHR3EN/MRBXiSMfhFZArfaxfcW31EqKvmdYkdXW0MDMKiOnpm\
xH1jvitxDH14hVCNbHZnrtze6nG5UvwRmCa2IEs05mFJROOFrvpMlkNiw3mg4nzxV/79j77m883kGVQ\
ys3Lhx4vZSWm9QnQW4LNioLJXagweWnyCI9znhm2YuAUhwSxfHiFe7KH26yooMfylG/fwJ93lgjDVN7\
5fZyH7xwN/irHeMIhZb3aaAUMPN2FHyvYyL4PAfhufA7lHAeC1nrFMKw9JF5xt9UiI2G0xJ0ruL6gM4\
fi7z+oNiupesWbrNkor5SSwcTSdrNdq4Ey+ntJQ6dnPFlSPQcbvGD4mTH/nrjIM6DJV8OfY382s6div\
cj2jEJsyFvR7y2pPsZ6OXBjPN9ohoq5oZtn/Zt3FDoKy/n6PxdQW/J5QzycQnb05XFt9RKir5nWJHV1\
tDAzCojp6ZsR9Y74rcQx9eIVQjWx2Z67c3upxuVL8EZgmtiBLKW46AOD3JS70CbKTRuVETtAOoXYzP4\
/ys+LfIkyW4yT0cjiZNs5/CNfFtxuprNSjcdVAqznFumCiNKy8sP+bGYEsXx4hXuyh9usqKDH8pRv38\
Cfd5YIw1Te+X2ch+8cDf4qx3jCIWW92mgFDDzdhR9ATOrl36Rd1MwFwp9myiGvqh4Wl46fN/Ta3np2P\
zg5KMj2jEJsyFvR7y2pPsZ6OXDVGnDXtK4WurMjYTTKsYAxnrSOWi4ZM5+zLLPJ/g6H2XFt9RKir5nW\
JHV1tDAzCojp6ZsR9Y74rcQx9eIVQjWxekctqyMOj+FC8coFV817OhXaESyauPfkozC/UUHGKULqrOj\
HzMhQZQJA+62l79EakZoiw8K3F41yp9E6QPc02d5yrwJvwj1FwfqBd8aZrlXTmYUlE44Wu+kyWQ2LDe\
aDifPFX/v2PvubzzeQZVDKzcuHHi9lJab1CdBbgs2KgsldqDB5afIIj3OeGbZi4BSHBLF8eIV7sofbr\
Kigx/KUb9/An3eWCMNU3vl9nIfvHA3+Ksd4wiFlvdpoBQw83YUfV+NMrIO7oI7Y+gx0lKjpXBLkmyQP\
OAO69rbePJfC/CDI9oxCbMhb0e8tqT7GejlwgqOgfqBXBKmNS8kx/v4wdHcQ38xEFeJIx+EVkCt9rF9\
xbfUSoq+Z1iR1dbQwMwqI6embEfWO+K3EMfXiFUI1sdmeu3N7qcblS/BGYJrYgSyluOgDg9yUu9Amyk\
0blRE7QDqF2Mz+P8rPi3yJMluMk94K4Ji8h8iqMr3Fl8UUqRUojm5yxx61XBTXj2wzmCBgBLF8eIV7s\
ofbrKigx/KUb9/An3eWCMNU3vl9nIfvHA3+Ksd4wiFlvdpoBQw83YUf0MFXb24tEG2Hx7444FOKk+2D\
XgM8kWZ8EKchNbTR4I7rBsFnVg61hgmiojeV9zMwWwi6OXh6Qftka05R90sEan2CCXblEyL7fTz3cZ4\
L7pUgU52Oct/DtvxKlIg/nPBQyPaMQmzIW9HvLak+xno5cM6e1yh/6zBzHRFAOHrwITS2Q6ZyjKvcxv\
0trkeIpguecW31EqKvmdYkdXW0MDMKiOnpmxH1jvitxDH14hVCNbGHeDm7+dg0IN0HpVDwlPvSZLyhH\
zLUPwbmDtN4nLJ3ZcxJR7ieirttIKZVkpa8MjmobuWzemyPeyWv2hbwBNYj+kZuVU61G5SK+Ob0Ksw+\
WgSxfHiFe7KH26yooMfylG/fwJ93lgjDVN75fZyH7xwN/irHeMIhZb3aaAUMPN2FH6qcH990EFV7iJO\
sWI+wHl79ey6KCtulDkTr1GbeX/93yPaMQmzIW9HvLak+xno5cEMy5IZ0ohI95gHO6nC8/fql+XeA/i\
0xQzZqGRfHrTRbcW31EqKvmdYkdXW0MDMKiOnpmxH1jvitxDH14hVCNbF6Ry2rIw6P4ULxygVXzXs6K\
WVREr+719I8IPyByHyBTCbsoJE5P8bIapLwUGS+w6LNdoA0kqkeZxMW4Xd3DY7ztcxH/FJJkDJHbjRQ\
L8D4ennpAMjQUvrBCrxdERAINUgJ70FrKSXFUg/TIhS+SaghzFxTPqx3cQkSDzHNiLTxpGUmyZXIVSC\
5TaleJu8YQCoEsXx4hXuyh9usqKDH8pRv38Cfd5YIw1Te+X2ch+8cDf4qx3jCIWW92mgFDDzdhR/YDT\
Etmdo73VZOeyeVjpdBIFOdjnLfw7b8SpSIP5zwUMj2jEJsyFvR7y2pPsZ6OXAtGEYna5boukzbqvXC/\
t5vy/n6PxdQW/J5QzycQnb05XFt9RKir5nWJHV1tDAzCojp6ZsR9Y74rcQx9eIVQjWxh3g5u/nYNCDd\
B6VQ8JT70nnpAMjQUvrBCrxdERAINUgJ70FrKSXFUg/TIhS+SagheTDadec6rEH/fRtNlf6y43tWNaT\
/fVJWyAxNuKet+20EsXx4hXuyh9usqKDH8pRv38Cfd5YIw1Te+X2ch+8cDf4qx3jCIWW92mgFDDzdhR\
+EZerKFqZiw4+7mb3GO525gB69nhZb6bOdjncxZj1I8tEUevy8oxNmNmxHgeN8ss+IEIo1vh/nO06+p\
mKg6T0+fYIJduUTIvt9PPdxngvulSBTnY5y38O2/EqUiD+c8FDI9oxCbMhb0e8tqT7Gejlwzp7XKH/r\
MHMdEUA4evAhNLZDpnKMq9zG/S2uR4imC55xbfUSoq+Z1iR1dbQwMwqI6embEfWO+K3EMfXiFUI1sYd\
4Obv52DQg3QelUPCU+9J56QDI0FL6wQq8XREQCDVICe9BayklxVIP0yIUvkmoIcxcUz6sd3EJEg8xzY\
i08aRlJsmVyFUguU2pXibvGEAqBLF8eIV7sofbrKigx/KUb9/An3eWCMNU3vl9nIfvHA3+Ksd4wiFlv\
dpoBQw83YUf0ZIwJeJXMANhHv2ATi9bIr7q93FdeHZhYHsCVa30OS3I9oxCbMhb0e8tqT7GejlwUxRi\
WtxvMtWrg6b4URkPOoOCDUBwrrhH7m7yBPD1ZShxbfUSoq+Z1iR1dbQwMwqI6embEfWO+K3EMfXiFUI\
1sXpHLasjDo/hQvHKBVfNezopZVESv7vX0jwg/IHIfIFMJuygkTk/xshqkvBQZL7Dos12gDSSqR5nEx\
bhd3cNjvNOe3CorF+hp8iDRFn/Pf4vZLyhHzLUPwbmDtN4nLJ3ZcxJR7ieirttIKZVkpa8MjmobuWze\
myPeyWv2hbwBNYj+kZuVU61G5SK+Ob0Ksw+WgSxfHiFe7KH26yooMfylG/fwJ93lgjDVN75fZyH7xwN\
/irHeMIhZb3aaAUMPN2FH9GSMCXiVzADYR79gE4vWyK+6vdxXXh2YWB7AlWt9DktyPaMQmzIW9HvLak\
+xno5cD2tPt5LMFzMgjvmxE/k2DQG6PEy881nEGKHpfZruuWncW31EqKvmdYkdXW0MDMKiOnpmxH1jv\
itxDH14hVCNbGHeDm7+dg0IN0HpVDwlPvSeekAyNBS+sEKvF0REAg1SAnvQWspJcVSD9MiFL5JqCF5M\
Np15zqsQf99G02V/rLje1Y1pP99UlbIDE24p637bQSxfHiFe7KH26yooMfylG/fwJ93lgjDVN75fZyH\
7xwN/irHeMIhZb3aaAUMPN2FH4Rl6soWpmLDj7uZvcY7nbmAHr2eFlvps52OdzFmPUjy0RR6/LyjE2Y\
2bEeB43yyz/sOjwuh8KJxZ26gwsnSjex9ggl25RMi+30893GeC+6VIFOdjnLfw7b8SpSIP5zwUMj2jE\
JsyFvR7y2pPsZ6OXDOntcof+swcx0RQDh68CE0tkOmcoyr3Mb9La5HiKYLnnFt9RKir5nWJHV1tDAzC\
ojp6ZsR9Y74rcQx9eIVQjWxh3g5u/nYNCDdB6VQ8JT70nEYR7HKn/JMbpJjlgAQ3aU4sACPgdt7k+IC\
ze14vBLqZEO0OsRf3fOWpyrQf38uKBJD9kRBxC1u66vVy8gqUqMEsXx4hXuyh9usqKDH8pRv38Cfd5Y\
Iw1Te+X2ch+8cDf4qx3jCIWW92mgFDDzdhR9kE40jVmUDlEP/qDKrnW7E1MPqKjTHXNEmRbcdhYTV5s\
j2jEJsyFvR7y2pPsZ6OXBcO/F5N1I5AGplQKFQscOtyy+PIHZkjCJZaswo9QObCXFt9RKir5nWJHV1t\
DAzCojp6ZsR9Y74rcQx9eIVQjWxekctqyMOj+FC8coFV817OillURK/u9fSPCD8gch8gUwm7KCROT/G\
yGqS8FBkvsOizXaANJKpHmcTFuF3dw2O84TCXLZO418pu3axwsSamgBkvKEfMtQ/BuYO03icsndlzEl\
HuJ6Ku20gplWSlrwyOahu5bN6bI97Ja/aFvAE1iP6Rm5VTrUblIr45vQqzD5aBLF8eIV7sofbrKigx/\
KUb9/An3eWCMNU3vl9nIfvHA3+Ksd4wiFlvdpoBQw83YUfZBONI1ZlA5RD/6gyq51uxNTD6io0x1zRJ\
kW3HYWE1ebI9oxCbMhb0e8tqT7Gejlwl/Afe3cCE4Lb7yc+8zUFEncQ38xEFeJIx+EVkCt9rF9xbfUS\
oq+Z1iR1dbQwMwqI6embEfWO+K3EMfXiFUI1sYd4Obv52DQg3QelUPCU+9JxGEexyp/yTG6SY5YAEN2\
lOLAAj4Hbe5PiAs3teLwS6lIeYr4eRj9GLOdEsDjQKNLWlsy1LAj95ckS8wZsoaxZBLF8eIV7sofbrK\
igx/KUb9/An3eWCMNU3vl9nIfvHA3+Ksd4wiFlvdpoBQw83YUfhGXqyhamYsOPu5m9xjuduYAevZ4WW\
+mznY53MWY9SPLRFHr8vKMTZjZsR4HjfLLPd8Zbaq7sEuHX+etNxwppEecpL7HalEcl65xCxkZjIPHU\
w+oqNMdc0SZFtx2FhNXmyPaMQmzIW9HvLak+xno5cFw78Xk3UjkAamVAoVCxw63LL48gdmSMIllqzCj\
1A5sJcW31EqKvmdYkdXW0MDMKiOnpmxH1jvitxDH14hVCNbGHeDm7+dg0IN0HpVDwlPvScRhHscqf8k\
xukmOWABDdpTiwAI+B23uT4gLN7Xi8EupkQ7Q6xF/d85anKtB/fy4oEkP2REHELW7rq9XLyCpSowSxf\
HiFe7KH26yooMfylG/fwJ93lgjDVN75fZyH7xwN/irHeMIhZb3aaAUMPN2FH1fjTKyDu6CO2PoMdJSo\
6VwS5JskDzgDuva23jyXwvwgyPaMQmzIW9HvLak+xno5cFw78Xk3UjkAamVAoVCxw63LL48gdmSMIll\
qzCj1A5sJcW31EqKvmdYkdXW0MDMKiOnpmxH1jvitxDH14hVCNbF6Ry2rIw6P4ULxygVXzXs6KWVREr\
+719I8IPyByHyBTCbsoJE5P8bIapLwUGS+w6LNdoA0kqkeZxMW4Xd3DY7zzeANkyyPrjsw9Ge9/MLkb\
VOZl+czspMmBwnxyt45fct7blDW7tmMIycoJE0flMn8r1868FsNBxnhA8Qtjbl5I8OGr+53TITZ3mMV\
3xnIH1QEsXx4hXuyh9usqKDH8pRv38Cfd5YIw1Te+X2ch+8cDf4qx3jCIWW92mgFDDzdhR9OSRMq547\
/wt6NiTBlry5nj8nnQxjx4z4/bRT6gEzTdMj2jEJsyFvR7y2pPsZ6OXA9rT7eSzBczII75sRP5Ng0Bu\
jxMvPNZxBih6X2a7rlp3Ft9RKir5nWJHV1tDAzCojp6ZsR9Y74rcQx9eIVQjWxh3g5u/nYNCDdB6VQ8\
JT70nEYR7HKn/JMbpJjlgAQ3aU4sACPgdt7k+ICze14vBLqUh5ivh5GP0Ys50SwONAo0taWzLUsCP3l\
yRLzBmyhrFkEsXx4hXuyh9usqKDH8pRv38Cfd5YIw1Te+X2ch+8cDf4qx3jCIWW92mgFDDzdhR+EZer\
KFqZiw4+7mb3GO525gB69nhZb6bOdjncxZj1I8tEUevy8oxNmNmxHgeN8ss9Ek7HfZvsFv/h8wxPBbc\
e07xSvYOlhPqeHpze9F9zpWBLkmyQPOAO69rbePJfC/CDI9oxCbMhb0e8tqT7GejlwXDvxeTdSOQBqZ\
UChULHDrcsvjyB2ZIwiWWrMKPUDmwlxbfUSoq+Z1iR1dbQwMwqI6embEfWO+K3EMfXiFUI1sYd4Obv5\
2DQg3QelUPCU+9JxGEexyp/yTG6SY5YAEN2lOLAAj4Hbe5PiAs3teLwS6mRDtDrEX93zlqcq0H9/Lig\
SQ/ZEQcQtbuur1cvIKlKjBLF8eIV7sofbrKigx/KUb9/An3eWCMNU3vl9nIfvHA3+Ksd4wiFlvdpoBQ\
w83YUfTkkTKueO/8LejYkwZa8uZ4/J50MY8eM+P20U+oBM03TI9oxCbMhb0e8tqT7GejlwUxRiWtxvM\
tWrg6b4URkPOoOCDUBwrrhH7m7yBPD1ZShxbfUSoq+Z1iR1dbQwMwqI6embEfWO+K3EMfXiFUI1sXpH\
LasjDo/hQvHKBVfNezopZVESv7vX0jwg/IHIfIFMJuygkTk/xshqkvBQZL7Dos12gDSSqR5nExbhd3c\
NjvNvC3E91OyTt/LS/V9yeRiCEsVx1cYmStcO+iWGU8aj2gg2nfEN03sB8R00M3PPhB9SHmK+HkY/Ri\
znRLA40CjS1pbMtSwI/eXJEvMGbKGsWQSxfHiFe7KH26yooMfylG/fwJ93lgjDVN75fZyH7xwN/irHe\
MIhZb3aaAUMPN2FH2QTjSNWZQOUQ/+oMqudbsTUw+oqNMdc0SZFtx2FhNXmyPaMQmzIW9HvLak+xno5\
cJfwH3t3AhOC2+8nPvM1BRJ3EN/MRBXiSMfhFZArfaxfcW31EqKvmdYkdXW0MDMKiOnpmxH1jvitxDH\
14hVCNbHZnrtze6nG5UvwRmCa2IEsKHrXg+AdXAvub8EWSSjYHzE+NZT2yKCT2Q3rRrMGqaKvXzrwWw\
0HGeEDxC2NuXkjw4av7ndMhNneYxXfGcgfVASxfHiFe7KH26yooMfylG/fwJ93lgjDVN75fZyH7xwN/\
irHeMIhZb3aaAUMPN2FH4Rl6soWpmLDj7uZvcY7nbmAHr2eFlvps52OdzFmPUjy0RR6/LyjE2Y2bEeB\
43yyz5+8JpSjvnCDyuc8hi/RA507ahN/44ya+SHI8YvqVLiaqh4Wl46fN/Ta3np2Pzg5KMj2jEJsyFv\
R7y2pPsZ6OXBDMuSGdKISPeYBzupwvP36pfl3gP4tMUM2ahkXx600W3Ft9RKir5nWJHV1tDAzCojp6Z\
sR9Y74rcQx9eIVQjWx2Z67c3upxuVL8EZgmtiBLCh614PgHVwL7m/BFkko2B8xPjWU9sigk9kN60azB\
qmiIbwGU5eua9FGRWXbiEybeWPIdjIp+U7Y4LKCcxLAAQQEsXx4hXuyh9usqKDH8pRv38Cfd5YIw1Te\
+X2ch+8cDf4qx3jCIWW92mgFDDzdhR9OSRMq547/wt6NiTBlry5nj8nnQxjx4z4/bRT6gEzTdMj2jEJ\
syFvR7y2pPsZ6OXBTFGJa3G8y1auDpvhRGQ86g4INQHCuuEfubvIE8PVlKHFt9RKir5nWJHV1tDAzCo\
jp6ZsR9Y74rcQx9eIVQjWxekctqyMOj+FC8coFV817OillURK/u9fSPCD8gch8gUwm7KCROT/GyGqS8\
FBkvsOizXaANJKpHmcTFuF3dw2O86i292Ga2MYnRAk5wWueU54oeteD4B1cC+5vwRZJKNgfMT41lPbI\
oJPZDetGswapoq9fOvBbDQcZ4QPELY25eSPDhq/ud0yE2d5jFd8ZyB9UBLF8eIV7sofbrKigx/KUb9/\
An3eWCMNU3vl9nIfvHA3+Ksd4wiFlvdpoBQw83YUfo0coOb1BiH1rCi+VIrHyXZ64yDOgyVfDn2N/Nr\
OnYr3I9oxCbMhb0e8tqT7GejlwLRhGJ2uW6LpM26r1wv7eb8v5+j8XUFvyeUM8nEJ29OVxbfUSoq+Z1\
iR1dbQwMwqI6embEfWO+K3EMfXiFUI1sdmeu3N7qcblS/BGYJrYgSwSxXHVxiZK1w76JYZTxqPaCDad\
8Q3TewHxHTQzc8+EH1IeYr4eRj9GLOdEsDjQKNLWlsy1LAj95ckS8wZsoaxZBLF8eIV7sofbrKigx/K\
Ub9/An3eWCMNU3vl9nIfvHA3+Ksd4wiFlvdpoBQw83YUfhGXqyhamYsOPu5m9xjuduYAevZ4WW+mznY\
53MWY9SPLRFHr8vKMTZjZsR4HjfLLPooBWFdoDmQ3cUChZKlyOJ0lDp2c8WVI9Bxu8YPiZMf+euMgzo\
MlXw59jfzazp2K9yPaMQmzIW9HvLak+xno5cM6e1yh/6zBzHRFAOHrwITS2Q6ZyjKvcxv0trkeIpgue\
cW31EqKvmdYkdXW0MDMKiOnpmxH1jvitxDH14hVCNbHZnrtze6nG5UvwRmCa2IEsKHrXg+AdXAvub8E\
WSSjYHzE+NZT2yKCT2Q3rRrMGqaIhvAZTl65r0UZFZduITJt5Y8h2Min5TtjgsoJzEsABBASxfHiFe7\
KH26yooMfylG/fwJ93lgjDVN75fZyH7xwN/irHeMIhZb3aaAUMPN2FH0BM6uXfpF3UzAXCn2bKIa+qH\
haXjp839NreenY/ODkoyPaMQmzIW9HvLak+xno5cEMy5IZ0ohI95gHO6nC8/fql+XeA/i0xQzZqGRfH\
rTRbcW31EqKvmdYkdXW0MDMKiOnpmxH1jvitxDH14hVCNbF6Ry2rIw6P4ULxygVXzXs6KWVREr+719I\
8IPyByHyBTCbsoJE5P8bIapLwUGS+w6LNdoA0kqkeZxMW4Xd3DY7zvs+HQ/CsH4q5A4OpHgAwy9OZhS\
UTjha76TJZDYsN5oOJ88Vf+/Y++5vPN5BlUMrNeTDadec6rEH/fRtNlf6y43tWNaT/fVJWyAxNuKet+\
20EsXx4hXuyh9usqKDH8pRv38Cfd5YIw1Te+X2ch+8cDf4qx3jCIWW92mgFDDzdhR9OSRMq547/wt6N\
iTBlry5nj8nnQxjx4z4/bRT6gEzTdMj2jEJsyFvR7y2pPsZ6OXA9rT7eSzBczII75sRP5Ng0BujxMvP\
NZxBih6X2a7rlp3Ft9RKir5nWJHV1tDAzCojp6ZsR9Y74rcQx9eIVQjWx2Z67c3upxuVL8EZgmtiBLK\
W46AOD3JS70CbKTRuVETtAOoXYzP4/ys+LfIkyW4yTqG7ls3psj3slr9oW8ATWI/pGblVOtRuUivjm9\
CrMPloEsXx4hXuyh9usqKDH8pRv38Cfd5YIw1Te+X2ch+8cDf4qx3jCIWW92mgFDDzdhR+EZerKFqZi\
w4+7mb3GO525gB69nhZb6bOdjncxZj1I8tEUevy8oxNmNmxHgeN8ss86uui/S8DGcKphBfGx4DvfO2o\
Tf+OMmvkhyPGL6lS4mqoeFpeOnzf02t56dj84OSjI9oxCbMhb0e8tqT7GejlwQzLkhnSiEj3mAc7qcL\
z9+qX5d4D+LTFDNmoZF8etNFtxbfUSoq+Z1iR1dbQwMwqI6embEfWO+K3EMfXiFUI1sdmeu3N7qcblS\
/BGYJrYgSyluOgDg9yUu9Amyk0blRE7QDqF2Mz+P8rPi3yJMluMk6hu5bN6bI97Ja/aFvAE1iP6Rm5V\
TrUblIr45vQqzD5aBLF8eIV7sofbrKigx/KUb9/An3eWCMNU3vl9nIfvHA3+Ksd4wiFlvdpoBQw83YU\
fo0coOb1BiH1rCi+VIrHyXZ64yDOgyVfDn2N/NrOnYr3I9oxCbMhb0e8tqT7Gejlwzp7XKH/rMHMdEU\
A4evAhNLZDpnKMq9zG/S2uR4imC55xbfUSoq+Z1iR1dbQwMwqI6embEfWO+K3EMfXiFUI1sXpHLasjD\
o/hQvHKBVfNezopZVESv7vX0jwg/IHIfIFMJuygkTk/xshqkvBQZL7Dos12gDSSqR5nExbhd3cNjvN/\
+DK4U7WsC+MS1f4U1N8105mFJROOFrvpMlkNiw3mg4nzxV/79j77m883kGVQys3MXFM+rHdxCRIPMc2\
ItPGkZSbJlchVILlNqV4m7xhAKgSxfHiFe7KH26yooMfylG/fwJ93lgjDVN75fZyH7xwN/irHeMIhZb\
3aaAUMPN2FH0BM6uXfpF3UzAXCn2bKIa+qHhaXjp839NreenY/ODkoyPaMQmzIW9HvLak+xno5cNJDp\
CK6asG3rZe+bMFGAoyetI5aLhkzn7Mss8n+DofZcW31EqKvmdYkdXW0MDMKiOnpmxH1jvitxDH14hVC\
NbHZnrtze6nG5UvwRmCa2IEspbjoA4PclLvQJspNG5URO0A6hdjM/j/Kz4t8iTJbjJOobuWzemyPeyW\
v2hbwBNYj+kZuVU61G5SK+Ob0Ksw+WgSxfHiFe7KH26yooMfylG/fwJ93lgjDVN75fZyH7xwN/irHeM\
IhZb3aaAUMPN2FH4Rl6soWpmLDj7uZvcY7nbmAHr2eFlvps52OdzFmPUjy0RR6/LyjE2Y2bEeB43yyz\
+jhewN0AOnu5RPJQrSQhByK/jAFImwD77Sz379CYY+Qq+oZo0oyZb5IjJ6i2gmKhe8WJjwiiMEfS0z2\
IB4+Er6QwKYMXdKa5mhd1+axfqxssU/1oWqUPROb3w=='
$end 'OrigTextBlk'
