--------------------- Thu Feb 20 15:17:08 2020 ---------------------

Creating SIwave session log D:\18. PCB EKSPLORASI\Rangkaian Sederhana\Project Outputs for Rangkaian_sederhana\odb\simulasi_\simulasi_v1.log
OS: Windows 7 Professional Service Pack 1 (Build 7601)

Saved D:\18. PCB EKSPLORASI\Rangkaian Sederhana\Project Outputs for Rangkaian_sederhana\odb\simulasi_\simulasi_v1.siw
Reading DC solution data...
Building DC surface plot(s)...
Building DC current density/voltage plot for layer top_layer...done.
Building DC current density/voltage plot for layer bottom_layer...done.
Building DC current density/voltage plot for vias...done.
Reading element data...done.
Building DC current magnitude plot for layer top_layer...done.
Building DC current magnitude plot for layer bottom_layer...done.
Building DC current magnitude plot for vias...done.
DC Power Tree Image saved to D:/18. PCB EKSPLORASI/Rangkaian Sederhana/Project Outputs for Rangkaian_sederhana/odb/simulasi_/simulasi_v1.png


--------------------- Thu Feb 20 15:54:24 2020 ---------------------

Appending to SIwave session log D:\18. PCB EKSPLORASI\Rangkaian Sederhana\Project Outputs for Rangkaian_sederhana\odb\simulasi_\simulasi_v1.log
Saved D:\18. PCB EKSPLORASI\Rangkaian Sederhana\Project Outputs for Rangkaian_sederhana\odb\simulasi_\simulasi_v1.siw
Reading DC solution data...
Building DC surface plot(s)...
Building DC current density/voltage plot for layer top_layer...done.
Building DC current density/voltage plot for layer bottom_layer...done.
Building DC current density/voltage plot for vias...done.
Reading element data...done.
Building DC current magnitude plot for layer top_layer...done.
Building DC current magnitude plot for layer bottom_layer...done.
Building DC current magnitude plot for vias...done.
DC Power Tree Image saved to D:/18. PCB EKSPLORASI/Rangkaian Sederhana/Project Outputs for Rangkaian_sederhana/odb/simulasi_/simulasi_v1.png
Reading DC solution data...
Building DC surface plot(s)...
Building DC current density/voltage plot for layer top_layer...done.
Building DC current density/voltage plot for layer bottom_layer...done.
Building DC current density/voltage plot for vias...done.
Reading element data...done.
Building DC current magnitude plot for layer top_layer...done.
Building DC current magnitude plot for layer bottom_layer...done.
Building DC current magnitude plot for vias...done.
Reading DC solution data...
Building DC surface plot(s)...
Building DC current density/voltage plot for layer top_layer...done.
Building DC current density/voltage plot for layer bottom_layer...done.
Building DC current density/voltage plot for vias...done.
Reading element data...done.
Building DC current magnitude plot for layer top_layer...done.
Building DC current magnitude plot for layer bottom_layer...done.
Building DC current magnitude plot for vias...done.
Reading DC solution data...
Building DC surface plot(s)...
Building DC current density/voltage plot for layer top_layer...done.
Building DC current density/voltage plot for layer bottom_layer...done.
Building DC current density/voltage plot for vias...done.
Reading element data...done.
Building DC current magnitude plot for layer top_layer...done.
Building DC current magnitude plot for layer bottom_layer...done.
Building DC current magnitude plot for vias...done.
DC Power Tree Image saved to D:/18. PCB EKSPLORASI/Rangkaian Sederhana/Project Outputs for Rangkaian_sederhana/odb/simulasi_/simulasi_v1.png
Reading DC solution data...
Building DC surface plot(s)...
Building DC current density/voltage plot for layer top_layer...done.
Building DC current density/voltage plot for layer bottom_layer...done.
Building DC current density/voltage plot for vias...done.
Reading element data...done.
Building DC current magnitude plot for layer top_layer...done.
Building DC current magnitude plot for layer bottom_layer...done.
Building DC current magnitude plot for vias...done.
DC Power Tree Image saved to D:/18. PCB EKSPLORASI/Rangkaian Sederhana/Project Outputs for Rangkaian_sederhana/odb/simulasi_/simulasi_v1.png
Reading DC solution data...
Building DC surface plot(s)...
Building DC current density/voltage plot for layer top_layer...done.
Building DC current density/voltage plot for layer bottom_layer...done.
Building DC current density/voltage plot for vias...done.
Reading element data...done.
Building DC current magnitude plot for layer top_layer...done.
Building DC current magnitude plot for layer bottom_layer...done.
Building DC current magnitude plot for vias...done.
DC Power Tree Image saved to D:/18. PCB EKSPLORASI/Rangkaian Sederhana/Project Outputs for Rangkaian_sederhana/odb/simulasi_/simulasi_v1.png
DC Power Tree Image saved to D:/18. PCB EKSPLORASI/Rangkaian Sederhana/Project Outputs for Rangkaian_sederhana/odb/simulasi_/simulasi_v1.png
DC Power Tree Image saved to D:/18. PCB EKSPLORASI/Rangkaian Sederhana/Project Outputs for Rangkaian_sederhana/odb/simulasi_/simulasi_v1.png
